<?xml version="1.0" encoding="UTF-8" ?>
<testsuite tests="1" failures="0" name="madhu2.MyAppTest" time="0.016" errors="1" skipped="0">
  <properties>
[...]
</properties>
  <testcase classname="madhu2.MyAppTest" name="initializationError" time="0.016">
    <error message="caught an exception while obtaining a class file for madhu2.MyAppTest" type="java.lang.ClassNotFoundException">java.lang.ClassNotFoundException: caught an exception while obtaining a class file for madhu2.MyAppTest
	at javassist.Loader.findClass(Loader.java:360)
	at javassist.Loader.loadClass(Loader.java:312)
	at java.base/java.lang.ClassLoader.loadClass(ClassLoader.java:496)
	at com.google.gwtmockito.GwtMockitoTestRunner$GwtMockitoClassLoader.loadClass(GwtMockitoTestRunner.java:289)
	at com.google.gwtmockito.GwtMockitoTestRunner.&lt;init&gt;(GwtMockitoTestRunner.java:131)
	at java.base/jdk.internal.reflect.NativeConstructorAccessorImpl.newInstance0(Native Method)
	at java.base/jdk.internal.reflect.NativeConstructorAccessorImpl.newInstance(NativeConstructorAccessorImpl.java:62)
	at java.base/jdk.internal.reflect.DelegatingConstructorAccessorImpl.newInstance(DelegatingConstructorAccessorImpl.java:45)
	at java.base/java.lang.reflect.Constructor.newInstance(Constructor.java:488)
	at org.junit.internal.builders.AnnotatedBuilder.buildRunner(AnnotatedBuilder.java:29)
	at org.junit.internal.builders.AnnotatedBuilder.runnerForClass(AnnotatedBuilder.java:21)
	at org.junit.runners.model.RunnerBuilder.safeRunnerForClass(RunnerBuilder.java:59)
	at org.junit.internal.builders.AllDefaultPossibilitiesBuilder.runnerForClass(AllDefaultPossibilitiesBuilder.java:26)
	at org.junit.runners.model.RunnerBuilder.safeRunnerForClass(RunnerBuilder.java:59)
	at org.junit.internal.requests.ClassRequest.getRunner(ClassRequest.java:26)
	at org.apache.maven.surefire.junit4.JUnit4Provider.execute(JUnit4Provider.java:250)
	at org.apache.maven.surefire.junit4.JUnit4Provider.executeTestSet(JUnit4Provider.java:141)
	at org.apache.maven.surefire.junit4.JUnit4Provider.invoke(JUnit4Provider.java:112)
	at java.base/jdk.internal.reflect.NativeMethodAccessorImpl.invoke0(Native Method)
	at java.base/jdk.internal.reflect.NativeMethodAccessorImpl.invoke(NativeMethodAccessorImpl.java:62)
	at java.base/jdk.internal.reflect.DelegatingMethodAccessorImpl.invoke(DelegatingMethodAccessorImpl.java:43)
	at java.base/java.lang.reflect.Method.invoke(Method.java:564)
	at org.apache.maven.surefire.util.ReflectionUtils.invokeMethodWithArray(ReflectionUtils.java:189)
	at org.apache.maven.surefire.booter.ProviderFactory$ProviderProxy.invoke(ProviderFactory.java:165)
	at org.apache.maven.surefire.booter.ProviderFactory.invokeProvider(ProviderFactory.java:85)
	at org.apache.maven.surefire.booter.ForkedBooter.runSuitesInProcess(ForkedBooter.java:115)
	at org.apache.maven.surefire.booter.ForkedBooter.main(ForkedBooter.java:75)
Caused by: javassist.NotFoundException: madhu2.MyAppTest
	at javassist.ClassPool.get(ClassPool.java:450)
	at com.google.gwtmockito.GwtMockitoTestRunner$GwtMockitoClassLoader.onLoad(GwtMockitoTestRunner.java:295)
	at javassist.Loader.findClass(Loader.java:341)
	... 26 more
</error>
  </testcase>
</testsuite>